<?xml version="1.0" encoding="UTF-8"?>
<testng-results ignored="0" total="1" passed="1" failed="0" skipped="0">
  <reporter-output>
  </reporter-output>
  <suite started-at="2024-09-13T16:21:13 IST" name="Default suite" finished-at="2024-09-13T16:21:21 IST" duration-ms="7748">
    <groups>
    </groups>
    <test started-at="2024-09-13T16:21:13 IST" name="Default test" finished-at="2024-09-13T16:21:21 IST" duration-ms="7748">
      <class name="FileHandling">
        <test-method is-config="true" signature="setUp()[pri:0, instance:FileHandling@2cf3d63b]" started-at="2024-09-13T16:21:11 IST" name="setUp" finished-at="2024-09-13T16:21:13 IST" duration-ms="2611" status="PASS">
          <reporter-output>
          </reporter-output>
        </test-method> <!-- setUp -->
        <test-method signature="fileHandlingTest()[pri:0, instance:FileHandling@2cf3d63b]" started-at="2024-09-13T16:21:13 IST" name="fileHandlingTest" finished-at="2024-09-13T16:21:21 IST" duration-ms="7695" status="PASS">
          <reporter-output>
          </reporter-output>
        </test-method> <!-- fileHandlingTest -->
        <test-method is-config="true" signature="tearDown()[pri:0, instance:FileHandling@2cf3d63b]" started-at="2024-09-13T16:21:21 IST" name="tearDown" finished-at="2024-09-13T16:21:22 IST" duration-ms="997" status="PASS">
          <reporter-output>
          </reporter-output>
        </test-method> <!-- tearDown -->
      </class> <!-- FileHandling -->
    </test> <!-- Default test -->
  </suite> <!-- Default suite -->
</testng-results>
